<?xml version="1.0" encoding="UTF-8"?>
<!-- Generated by org.testng.reporters.JUnitReportReporter -->
<testsuite hostname="DESKTOP-EIC3NR5" failures="0" tests="1" name="com.liveguru.user.TC_01_Register" time="3.109" errors="0" timestamp="12 thg 12 2021 22:46:15 GMT" skipped="0">
  <testcase classname="com.liveguru.user.TC_01_Register" name="Register_01_Success_To_System" time="3.109"/>
</testsuite> <!-- com.liveguru.user.TC_01_Register -->
