<?xml version="1.0" encoding="UTF-8"?>
<!-- Generated by org.testng.reporters.JUnitReportReporter -->
<testsuite hostname="DESKTOP-EIC3NR5" failures="0" tests="2" name="com.liveguru.user.TC_01_Register" time="4.529" errors="0" timestamp="14 thg 12 2021 04:26:39 GMT" skipped="0">
  <testcase classname="com.liveguru.user.TC_01_Register" name="Register_01_Success_To_System" time="3.036"/>
  <testcase classname="com.liveguru.user.TC_01_Register" name="Register_02_Check_Infomation_Registered" time="1.493"/>
</testsuite> <!-- com.liveguru.user.TC_01_Register -->
